VS filter: testpath:TestAssembly:UITest.Specs/Feature:SpecFlowFeature1/Scenario:Donate
Discovering target: Default
Discovering tests from assembly: C:\Users\PDShinde\Downloads\JustGivingDitTest\JustGivingDitTest\UITest.Specs\bin\Debug\UITest.Specs.dll
Appdomain Disposed
Test Suite Dump
#0: UITest.Specs/Default - 
#1: Default - 
#2: UITest.Specs - 
#3: SpecFlowFeature1 - 
#4: Donate - TestAssembly:UITest.Specs/Feature:SpecFlowFeature1/Scenario:Donate
End: Test Suite Dump
Thread#0:Scheduler: get next test for thread
Thread#:Scheduler: testitem #4 from normal test queue 
Thread#0:Scheduler: considering testitem #4 for thread
Thread#0:Scheduler: using testitem #4 for thread
Thread#0:Scheduler: Test #4 is scheduled for thread
Thread#0:Scheduler: with testItemExecutionIndex 0
Thread #0: creating new test thread executor for UITest.Specs, Version=1.0.0.0, Culture=neutral, PublicKeyToken=null (target: Default)
Loading SpecRun type 'TechTalk.SpecRun.Framework.TestAssemblyExecutor' from: C:\Users\PDShinde\AppData\Local\Temp\VisualStudioTestExplorerExtensions\SpecRun.Runner.1.5.2\tools\TechTalk.SpecRun.Framework.Executor.dll
Thread#0: Test #4/0 is started on thread #0
Thread#0:B:Given I am Justgiving homepage
Thread#0:T:error: Unexpected error. System.Net.WebException: Unable to connect to the remote server ---> System.Net.Sockets.SocketException: No connection could be made because the target machine actively refused it 127.0.0.1:7055
Thread#0:T:   at System.Net.Sockets.Socket.DoConnect(EndPoint endPointSnapshot, SocketAddress socketAddress)
Thread#0:T:   at System.Net.ServicePoint.ConnectSocketInternal(Boolean connectFailure, Socket s4, Socket s6, Socket& socket, IPAddress& address, ConnectSocketState state, IAsyncResult asyncResult, Exception& exception)
Thread#0:T:   --- End of inner exception stack trace ---
Thread#0:T:   at System.Net.HttpWebRequest.GetRequestStream(TransportContext& context)
Thread#0:T:   at System.Net.HttpWebRequest.GetRequestStream()
Thread#0:T:   at OpenQA.Selenium.Remote.HttpCommandExecutor.Execute(Command commandToExecute)
Thread#0:T:   at OpenQA.Selenium.Firefox.FirefoxDriverCommandExecutor.Execute(Command commandToExecute)
Thread#0:T:   at OpenQA.Selenium.Remote.RemoteWebDriver.Execute(String driverCommandToExecute, Dictionary`2 parameters)
Thread#0:B:And I look for first card
Thread#0:T:skipped because of previous errors
Thread#0:B:When I choose to donate "30" pounds
Thread#0:T:skipped because of previous errors
Thread#0:B:Then amount displayed should be "30" on following page
Thread#0:T:skipped because of previous errors
Thread#0:B:Given I enter my email address "JGtest01@example.com" and password "JGtest01"
Thread#0:T:skipped because of previous errors
Thread#0:B:Then I close
Thread#0:T:skipped because of previous errors
Thread#0:Scheduler: reschedule tests for testitem #0
Thread#0:Scheduler: get next test for thread
Thread#:Scheduler: dequeuing a rescheduled testitem: #4
Thread#0:Scheduler: considering testitem #4 for thread
Thread#0:Scheduler: using testitem #4 for thread
Thread#0:Scheduler: Test #4 is scheduled for thread
Thread#0:Scheduler: with testItemExecutionIndex 0
Thread#0: Test #4/0 is finished on thread #0 as Failed within 28.7521737 seconds
Thread#0: Test #4/1 is started on thread #0
Thread#0:B:Given I am Justgiving homepage
Thread#0:T:done: DonateSteps.GivenIAmJustgivingHomepage() (22.4s)
Thread#0:B:And I look for first card
Thread#0:T:innerHtmlHelen Linehan
Thread#0:T:done: DonateSteps.GivenILookForFirstCard() (4.0s)
Thread#0:B:When I choose to donate "30" pounds
Thread#0:T:Clicked on Donate
Thread#0:T:amount :£10
Thread#0:T:amount :£20
Thread#0:T:amount :£30
Thread#0:T:Clicked on chosen amount :30
Thread#0:T:done: DonateSteps.WhenIChooseToDonatePounds("30") (15.6s)
Thread#0:B:Then amount displayed should be "30" on following page
Thread#0:T: DOnation amount is displayed correctly
Thread#0:T:done: DonateSteps.ThenAmountDisplayedShouldBeOnFollowingPage("30") (0.2s)
Thread#0:B:Given I enter my email address "JGtest01@example.com" and password "JGtest01"
Thread#0:T:Email entered :JGtest01@example.com
Thread#0:T:Password entered :JGtest01
Thread#0:T:done: DonateSteps.GivenIEnterMyEmailAddressAndPassword("JGtest01@example.com", "JGtest01") (4.9s)
Thread#0:B:Then I close
Thread#0:T:done: DonateSteps.ThenIClose() (0.0s)
Thread#0:Scheduler: get next test for thread
Thread#:Scheduler: dequeuing a rescheduled testitem: #4
Thread#0:Scheduler: considering testitem #4 for thread
Thread#0:Scheduler: using testitem #4 for thread
Thread#0:Scheduler: Test #4 is scheduled for thread
Thread#0:Scheduler: with testItemExecutionIndex 0
Thread#0: Test #4/1 is finished on thread #0 as Succeeded within 47.2182052 seconds
Thread#0: Test #4/2 is started on thread #0
Thread#0:B:Given I am Justgiving homepage
Thread#0:T:done: DonateSteps.GivenIAmJustgivingHomepage() (24.1s)
Thread#0:B:And I look for first card
Thread#0:T:innerHtmlHelen Linehan
Thread#0:T:done: DonateSteps.GivenILookForFirstCard() (4.0s)
Thread#0:B:When I choose to donate "30" pounds
Thread#0:T:Clicked on Donate
Thread#0:T:amount :£10
Thread#0:T:amount :£20
Thread#0:T:amount :£30
Thread#0:T:Clicked on chosen amount :30
Thread#0:T:done: DonateSteps.WhenIChooseToDonatePounds("30") (14.6s)
Thread#0:B:Then amount displayed should be "30" on following page
Thread#0:T: DOnation amount is displayed correctly
Thread#0:T:done: DonateSteps.ThenAmountDisplayedShouldBeOnFollowingPage("30") (0.2s)
Thread#0:B:Given I enter my email address "JGtest01@example.com" and password "JGtest01"
Thread#0:T:Email entered :JGtest01@example.com
Thread#0:T:Password entered :JGtest01
Thread#0:T:done: DonateSteps.GivenIEnterMyEmailAddressAndPassword("JGtest01@example.com", "JGtest01") (4.4s)
Thread#0:B:Then I close
Thread#0:T:done: DonateSteps.ThenIClose() (0.0s)
Thread#0:Scheduler: get next test for thread
Thread#:Scheduler: at the end of normal test queue
Thread#0:Scheduler: enumerator for thread is at end
Thread#0:Scheduler: No more tests for thread 
Thread#0: Test #4/2 is finished on thread #0 as Succeeded within 47.3578343 seconds
Appdomain Disposed
Thread#-1:Scheduler: get next test for thread
Thread#:Scheduler: at the end of normal test queue
Thread#-1:Scheduler: enumerator for thread is at end
Total: 1 (test executions: 3)
Succeeded: 0
Ignored: 0
Pending: 0
Skipped: 0
Failed: 1
